TN:
SF:src/UniswapV2Factory.sol
FN:33,UniswapV2Factory.createPair
FNDA:15,UniswapV2Factory.createPair
DA:38,15
BRDA:38,0,0,1
BRDA:38,0,1,14
DA:42,14
DA:48,14
BRDA:48,1,0,2
BRDA:48,1,1,12
DA:52,12
BRDA:52,2,0,1
BRDA:52,2,1,11
DA:56,11
DA:57,11
DA:59,11
DA:64,11
DA:66,11
DA:67,11
DA:68,11
DA:70,11
FNF:1
FNH:1
LF:12
LH:12
BRF:6
BRH:6
end_of_record
TN:
SF:src/UniswapV2Helper.sol
FN:15,UniswapV2Helper.getReserves
FNDA:9,UniswapV2Helper.getReserves
DA:16,13
DA:17,13
DA:20,13
FN:27,UniswapV2Helper.quote
FNDA:4,UniswapV2Helper.quote
DA:28,4
BRDA:28,0,0,-
BRDA:28,0,1,4
DA:29,4
BRDA:29,1,0,-
BRDA:29,1,1,4
DA:31,4
FN:36,UniswapV2Helper.sortTokens
FNDA:46,UniswapV2Helper.sortTokens
DA:38,46
FN:42,UniswapV2Helper.pairFor
FNDA:29,UniswapV2Helper.pairFor
DA:43,29
DA:44,29
FN:59,UniswapV2Helper.getAmountOut
FNDA:0,UniswapV2Helper.getAmountOut
DA:60,2
BRDA:60,2,0,-
BRDA:60,2,1,2
DA:61,2
BRDA:61,3,0,-
BRDA:61,3,1,2
DA:63,2
DA:64,2
DA:65,2
DA:67,2
FN:72,UniswapV2Helper.getAmountsOut
FNDA:1,UniswapV2Helper.getAmountsOut
DA:73,1
BRDA:73,4,0,-
BRDA:73,4,1,1
DA:74,1
DA:75,1
DA:77,1
DA:78,2
DA:83,2
DA:86,1
FN:91,UniswapV2Helper.getAmountIn
FNDA:0,UniswapV2Helper.getAmountIn
DA:92,2
BRDA:92,5,0,-
BRDA:92,5,1,2
DA:93,2
BRDA:93,6,0,-
BRDA:93,6,1,2
DA:95,2
DA:96,2
DA:98,2
FN:103,UniswapV2Helper.getAmountsIn
FNDA:1,UniswapV2Helper.getAmountsIn
DA:104,1
BRDA:104,7,0,-
BRDA:104,7,1,1
DA:105,1
DA:106,1
DA:108,1
DA:109,2
DA:114,2
DA:117,1
FNF:8
FNH:6
LF:34
LH:34
BRF:16
BRH:8
end_of_record
TN:
SF:src/UniswapV2Pair.sol
FN:65,UniswapV2Pair.initialize
FNDA:11,UniswapV2Pair.initialize
DA:66,11
BRDA:66,0,0,-
BRDA:66,0,1,11
DA:67,0
DA:69,11
DA:70,11
FN:73,UniswapV2Pair.mint
FNDA:26,UniswapV2Pair.mint
DA:74,26
DA:75,26
DA:76,26
DA:77,26
DA:78,26
DA:80,26
BRDA:80,1,0,21
BRDA:80,1,1,5
DA:81,21
DA:82,20
DA:84,5
DA:90,25
BRDA:90,2,0,1
BRDA:90,2,1,24
DA:92,24
DA:94,24
DA:96,24
FN:99,UniswapV2Pair.burn
FNDA:3,UniswapV2Pair.burn
DA:101,3
DA:102,3
DA:103,3
DA:105,3
DA:106,3
DA:108,3
BRDA:108,3,0,-
BRDA:108,3,1,3
DA:110,3
DA:112,3
DA:113,3
DA:115,3
DA:116,3
DA:118,3
DA:119,3
DA:121,3
FN:124,UniswapV2Pair.swap
FNDA:8,UniswapV2Pair.swap
DA:130,8
BRDA:130,4,0,1
BRDA:130,4,1,7
DA:131,1
DA:133,7
DA:135,7
BRDA:135,5,0,-
BRDA:135,5,1,7
DA:136,0
DA:138,7
BRDA:138,6,0,4
BRDA:138,6,1,7
DA:139,7
BRDA:139,7,0,4
BRDA:139,7,1,7
DA:140,7
BRDA:140,8,0,-
BRDA:140,8,1,-
DA:141,0
DA:148,7
DA:149,7
DA:151,7
DA:154,7
DA:158,7
BRDA:158,9,0,-
BRDA:158,9,1,7
DA:161,7
DA:162,7
DA:165,7
BRDA:164,10,0,-
BRDA:164,10,1,7
DA:167,0
DA:169,7
DA:171,7
FN:174,UniswapV2Pair.sync
FNDA:7,UniswapV2Pair.sync
DA:175,7
DA:176,7
FN:184,UniswapV2Pair.getReserves
FNDA:31,UniswapV2Pair.getReserves
DA:193,74
FN:198,UniswapV2Pair._update
FNDA:41,UniswapV2Pair._update
DA:204,41
BRDA:204,11,0,-
BRDA:204,11,1,41
DA:205,0
DA:208,41
DA:210,41
BRDA:210,12,0,7
BRDA:210,12,1,41
DA:211,7
DA:214,7
DA:220,41
DA:221,41
DA:222,41
DA:224,41
FN:227,UniswapV2Pair._safeTransfer
FNDA:14,UniswapV2Pair._safeTransfer
DA:232,14
DA:235,14
BRDA:235,13,0,-
BRDA:235,13,1,14
DA:236,0
FNF:8
FNH:8
LF:67
LH:61
BRF:28
BRH:19
end_of_record
TN:
SF:src/UniswapV2Router02.sol
FN:21,UniswapV2Router02.addLiquidity
FNDA:9,UniswapV2Router02.addLiquidity
DA:37,9
BRDA:37,0,0,-
BRDA:37,0,1,6
DA:38,6
DA:41,9
DA:49,7
DA:54,7
DA:55,7
DA:56,7
FN:59,UniswapV2Router02.removeLiquidity
FNDA:1,UniswapV2Router02.removeLiquidity
DA:67,1
DA:72,1
DA:73,1
DA:74,1
BRDA:74,1,0,-
BRDA:74,1,1,1
DA:75,1
BRDA:75,2,0,-
BRDA:75,2,1,1
FN:78,UniswapV2Router02.swapExactTokensForTokens
FNDA:1,UniswapV2Router02.swapExactTokensForTokens
DA:84,1
DA:89,1
BRDA:89,3,0,-
BRDA:89,3,1,1
DA:90,0
DA:91,1
DA:97,1
FN:100,UniswapV2Router02.swapTokensForExactTokens
FNDA:1,UniswapV2Router02.swapTokensForExactTokens
DA:106,1
DA:111,1
BRDA:111,4,0,-
BRDA:111,4,1,1
DA:112,0
DA:113,1
DA:119,1
FN:129,UniswapV2Router02._swap
FNDA:2,UniswapV2Router02._swap
DA:134,2
DA:135,4
DA:136,4
DA:137,4
DA:138,4
DA:141,4
DA:148,4
FN:154,UniswapV2Router02._calculateLiquidity
FNDA:9,UniswapV2Router02._calculateLiquidity
DA:162,9
DA:168,9
BRDA:168,5,0,6
BRDA:168,5,1,3
DA:169,6
DA:171,3
DA:176,3
BRDA:176,6,0,1
BRDA:176,6,1,1
DA:177,2
BRDA:177,7,0,1
BRDA:177,7,1,1
DA:178,1
DA:180,1
DA:185,1
BRDA:185,8,0,-
BRDA:185,8,1,1
DA:187,1
BRDA:187,9,0,1
BRDA:187,9,1,-
DA:188,0
FN:193,UniswapV2Router02._safeTransferFrom
FNDA:16,UniswapV2Router02._safeTransferFrom
DA:199,16
DA:207,16
BRDA:207,10,0,-
BRDA:207,10,1,16
DA:208,0
FNF:7
FNH:7
LF:43
LH:39
BRF:22
BRH:14
end_of_record
TN:
SF:src/libraries/Math.sol
FN:5,Math.min
FNDA:5,Math.min
DA:6,5
FN:10,Math.sqrt
FNDA:21,Math.sqrt
DA:11,21
BRDA:11,0,0,1253
BRDA:11,0,1,20
DA:12,20
DA:13,20
DA:14,1273
DA:15,1253
DA:16,1253
DA:18,1
BRDA:18,1,0,-
BRDA:18,1,1,1
DA:19,0
FNF:2
FNH:2
LF:9
LH:8
BRF:4
BRH:3
end_of_record
TN:
SF:src/libraries/UQ112x112.sol
FN:7,UQ112x112.encode
FNDA:0,UQ112x112.encode
DA:8,0
FN:11,UQ112x112.uqdiv
FNDA:0,UQ112x112.uqdiv
DA:12,0
FNF:2
FNH:0
LF:2
LH:0
BRF:0
BRH:0
end_of_record
TN:
SF:test/UniswapV2Pair.t.sol
FN:333,UserForTest.provideLiquidity
FNDA:0,UserForTest.provideLiquidity
DA:340,0
DA:341,0
DA:343,0
FN:346,UserForTest.removeLiquidity
FNDA:0,UserForTest.removeLiquidity
DA:347,0
DA:348,0
DA:349,0
FN:358,Flashloaner.flashloan
FNDA:0,Flashloaner.flashloan
DA:364,0
BRDA:364,0,0,-
BRDA:364,0,1,-
DA:365,0
DA:367,0
BRDA:367,1,0,-
BRDA:367,1,1,-
DA:368,0
DA:371,0
FN:379,Flashloaner.uniswapV2Call
FNDA:0,Flashloaner.uniswapV2Call
DA:383,0
DA:384,0
DA:386,0
BRDA:386,2,0,-
BRDA:386,2,1,-
DA:388,0
FNF:4
FNH:0
LF:15
LH:0
BRF:6
BRH:0
end_of_record
TN:
SF:test/mocks/ERC20Mintable.sol
FN:11,ERC20Mintable.mint
FNDA:0,ERC20Mintable.mint
DA:12,0
FNF:1
FNH:0
LF:1
LH:0
BRF:0
BRH:0
end_of_record
